Calling target program-options parser
Adding interface s1-eth1 as port 1
[19:18:37.396] [bmv2] [D] [thread 4414] Adding interface s1-eth1 as port 1
Adding interface s1-eth2 as port 2
[19:18:37.398] [bmv2] [D] [thread 4414] Adding interface s1-eth2 as port 2
Adding interface s1-eth3 as port 3
[19:18:37.400] [bmv2] [D] [thread 4414] Adding interface s1-eth3 as port 3
I1012 19:18:37.402769915    4414 server_builder.cc:247]      Synchronous server. Num CQs: 1, Min pollers: 1, Max Pollers: 2147483647, CQ timeout (msec): 1000
Server listening on 0.0.0.0:50051
Thrift server was started
New connection
P4Runtime SetForwardingPipelineConfig
[19:18:40.265] [bmv2] [D] [thread 4484] Set default default entry for table 'tbl_update_ttl': MyIngress.update_ttl - 
[19:18:40.265] [bmv2] [D] [thread 4484] Set default default entry for table 'tbl_drop': MyIngress.drop - 
[19:18:40.267] [bmv2] [D] [thread 4489] [0.0] [cxt 0] Processing packet received on port 1
[19:18:40.267] [bmv2] [D] [thread 4489] [0.0] [cxt 0] Parser 'parser': start
[19:18:40.267] [bmv2] [D] [thread 4489] [0.0] [cxt 0] Parser 'parser' entering state 'start'
[19:18:40.267] [bmv2] [D] [thread 4489] [0.0] [cxt 0] Extracting header 'ethernet'
[19:18:40.267] [bmv2] [D] [thread 4489] [0.0] [cxt 0] Parser state 'start' has no switch, going to default next state
[19:18:40.267] [bmv2] [T] [thread 4489] [0.0] [cxt 0] Bytes parsed: 14
[19:18:40.267] [bmv2] [D] [thread 4489] [0.0] [cxt 0] Parser 'parser': end
[19:18:40.267] [bmv2] [D] [thread 4489] [0.0] [cxt 0] Pipeline 'ingress': start
[19:18:40.267] [bmv2] [T] [thread 4489] [0.0] [cxt 0] source_routing.p4(133) Condition "hdr.srcRoutes[0].isValid()" (node_2) is false
[19:18:40.267] [bmv2] [T] [thread 4489] [0.0] [cxt 0] Applying table 'tbl_drop'
[19:18:40.267] [bmv2] [D] [thread 4489] [0.0] [cxt 0] Looking up key:

[19:18:40.267] [bmv2] [D] [thread 4489] [0.0] [cxt 0] Table 'tbl_drop': miss
[19:18:40.267] [bmv2] [D] [thread 4489] [0.0] [cxt 0] Action entry is MyIngress.drop - 
[19:18:40.267] [bmv2] [T] [thread 4489] [0.0] [cxt 0] Action MyIngress.drop
[19:18:40.267] [bmv2] [T] [thread 4489] [0.0] [cxt 0] source_routing.p4(113) Primitive mark_to_drop()
[19:18:40.267] [bmv2] [D] [thread 4489] [0.0] [cxt 0] Pipeline 'ingress': end
[19:18:40.267] [bmv2] [D] [thread 4489] [0.0] [cxt 0] Egress port is 511
[19:18:40.267] [bmv2] [D] [thread 4489] [0.0] [cxt 0] Dropping packet at the end of ingress
[19:18:40.269] [bmv2] [D] [thread 4489] [1.0] [cxt 0] Processing packet received on port 2
[19:18:40.269] [bmv2] [D] [thread 4489] [1.0] [cxt 0] Parser 'parser': start
[19:18:40.269] [bmv2] [D] [thread 4489] [1.0] [cxt 0] Parser 'parser' entering state 'start'
[19:18:40.269] [bmv2] [D] [thread 4489] [1.0] [cxt 0] Extracting header 'ethernet'
[19:18:40.269] [bmv2] [D] [thread 4489] [1.0] [cxt 0] Parser state 'start' has no switch, going to default next state
[19:18:40.269] [bmv2] [T] [thread 4489] [1.0] [cxt 0] Bytes parsed: 14
[19:18:40.269] [bmv2] [D] [thread 4489] [1.0] [cxt 0] Parser 'parser': end
[19:18:40.269] [bmv2] [D] [thread 4489] [1.0] [cxt 0] Pipeline 'ingress': start
[19:18:40.269] [bmv2] [T] [thread 4489] [1.0] [cxt 0] source_routing.p4(133) Condition "hdr.srcRoutes[0].isValid()" (node_2) is false
[19:18:40.269] [bmv2] [T] [thread 4489] [1.0] [cxt 0] Applying table 'tbl_drop'
[19:18:40.269] [bmv2] [D] [thread 4489] [1.0] [cxt 0] Looking up key:

[19:18:40.269] [bmv2] [D] [thread 4489] [1.0] [cxt 0] Table 'tbl_drop': miss
[19:18:40.269] [bmv2] [D] [thread 4489] [1.0] [cxt 0] Action entry is MyIngress.drop - 
[19:18:40.269] [bmv2] [T] [thread 4489] [1.0] [cxt 0] Action MyIngress.drop
[19:18:40.269] [bmv2] [T] [thread 4489] [1.0] [cxt 0] source_routing.p4(113) Primitive mark_to_drop()
[19:18:40.269] [bmv2] [D] [thread 4489] [1.0] [cxt 0] Pipeline 'ingress': end
[19:18:40.269] [bmv2] [D] [thread 4489] [1.0] [cxt 0] Egress port is 511
[19:18:40.269] [bmv2] [D] [thread 4489] [1.0] [cxt 0] Dropping packet at the end of ingress
[19:18:40.269] [bmv2] [D] [thread 4489] [2.0] [cxt 0] Processing packet received on port 3
[19:18:40.269] [bmv2] [D] [thread 4489] [2.0] [cxt 0] Parser 'parser': start
[19:18:40.269] [bmv2] [D] [thread 4489] [2.0] [cxt 0] Parser 'parser' entering state 'start'
[19:18:40.269] [bmv2] [D] [thread 4489] [2.0] [cxt 0] Extracting header 'ethernet'
[19:18:40.269] [bmv2] [D] [thread 4489] [2.0] [cxt 0] Parser state 'start' has no switch, going to default next state
[19:18:40.269] [bmv2] [T] [thread 4489] [2.0] [cxt 0] Bytes parsed: 14
[19:18:40.269] [bmv2] [D] [thread 4489] [2.0] [cxt 0] Parser 'parser': end
[19:18:40.269] [bmv2] [D] [thread 4489] [2.0] [cxt 0] Pipeline 'ingress': start
[19:18:40.269] [bmv2] [T] [thread 4489] [2.0] [cxt 0] source_routing.p4(133) Condition "hdr.srcRoutes[0].isValid()" (node_2) is false
[19:18:40.270] [bmv2] [T] [thread 4489] [2.0] [cxt 0] Applying table 'tbl_drop'
[19:18:40.270] [bmv2] [D] [thread 4489] [2.0] [cxt 0] Looking up key:

[19:18:40.270] [bmv2] [D] [thread 4489] [2.0] [cxt 0] Table 'tbl_drop': miss
[19:18:40.270] [bmv2] [D] [thread 4489] [2.0] [cxt 0] Action entry is MyIngress.drop - 
[19:18:40.270] [bmv2] [T] [thread 4489] [2.0] [cxt 0] Action MyIngress.drop
[19:18:40.270] [bmv2] [T] [thread 4489] [2.0] [cxt 0] source_routing.p4(113) Primitive mark_to_drop()
[19:18:40.270] [bmv2] [D] [thread 4489] [2.0] [cxt 0] Pipeline 'ingress': end
[19:18:40.270] [bmv2] [D] [thread 4489] [2.0] [cxt 0] Egress port is 511
[19:18:40.270] [bmv2] [D] [thread 4489] [2.0] [cxt 0] Dropping packet at the end of ingress
[19:18:40.270] [bmv2] [D] [thread 4489] [3.0] [cxt 0] Processing packet received on port 1
[19:18:40.270] [bmv2] [D] [thread 4489] [3.0] [cxt 0] Parser 'parser': start
[19:18:40.270] [bmv2] [D] [thread 4489] [3.0] [cxt 0] Parser 'parser' entering state 'start'
[19:18:40.270] [bmv2] [D] [thread 4489] [3.0] [cxt 0] Extracting header 'ethernet'
[19:18:40.270] [bmv2] [D] [thread 4489] [3.0] [cxt 0] Parser state 'start' has no switch, going to default next state
[19:18:40.270] [bmv2] [T] [thread 4489] [3.0] [cxt 0] Bytes parsed: 14
[19:18:40.270] [bmv2] [D] [thread 4489] [3.0] [cxt 0] Parser 'parser': end
[19:18:40.270] [bmv2] [D] [thread 4489] [3.0] [cxt 0] Pipeline 'ingress': start
[19:18:40.270] [bmv2] [T] [thread 4489] [3.0] [cxt 0] source_routing.p4(133) Condition "hdr.srcRoutes[0].isValid()" (node_2) is false
[19:18:40.270] [bmv2] [T] [thread 4489] [3.0] [cxt 0] Applying table 'tbl_drop'
[19:18:40.270] [bmv2] [D] [thread 4489] [3.0] [cxt 0] Looking up key:

[19:18:40.270] [bmv2] [D] [thread 4489] [3.0] [cxt 0] Table 'tbl_drop': miss
[19:18:40.270] [bmv2] [D] [thread 4489] [3.0] [cxt 0] Action entry is MyIngress.drop - 
[19:18:40.270] [bmv2] [T] [thread 4489] [3.0] [cxt 0] Action MyIngress.drop
[19:18:40.270] [bmv2] [T] [thread 4489] [3.0] [cxt 0] source_routing.p4(113) Primitive mark_to_drop()
[19:18:40.270] [bmv2] [D] [thread 4489] [3.0] [cxt 0] Pipeline 'ingress': end
[19:18:40.270] [bmv2] [D] [thread 4489] [3.0] [cxt 0] Egress port is 511
[19:18:40.270] [bmv2] [D] [thread 4489] [3.0] [cxt 0] Dropping packet at the end of ingress
[19:18:40.270] [bmv2] [D] [thread 4489] [4.0] [cxt 0] Processing packet received on port 2
[19:18:40.270] [bmv2] [D] [thread 4489] [4.0] [cxt 0] Parser 'parser': start
[19:18:40.270] [bmv2] [D] [thread 4489] [4.0] [cxt 0] Parser 'parser' entering state 'start'
[19:18:40.270] [bmv2] [D] [thread 4489] [4.0] [cxt 0] Extracting header 'ethernet'
[19:18:40.270] [bmv2] [D] [thread 4489] [4.0] [cxt 0] Parser state 'start' has no switch, going to default next state
[19:18:40.270] [bmv2] [T] [thread 4489] [4.0] [cxt 0] Bytes parsed: 14
[19:18:40.270] [bmv2] [D] [thread 4489] [4.0] [cxt 0] Parser 'parser': end
[19:18:40.270] [bmv2] [D] [thread 4489] [4.0] [cxt 0] Pipeline 'ingress': start
[19:18:40.270] [bmv2] [T] [thread 4489] [4.0] [cxt 0] source_routing.p4(133) Condition "hdr.srcRoutes[0].isValid()" (node_2) is false
[19:18:40.270] [bmv2] [T] [thread 4489] [4.0] [cxt 0] Applying table 'tbl_drop'
[19:18:40.270] [bmv2] [D] [thread 4489] [4.0] [cxt 0] Looking up key:

[19:18:40.270] [bmv2] [D] [thread 4489] [4.0] [cxt 0] Table 'tbl_drop': miss
[19:18:40.270] [bmv2] [D] [thread 4489] [4.0] [cxt 0] Action entry is MyIngress.drop - 
[19:18:40.270] [bmv2] [T] [thread 4489] [4.0] [cxt 0] Action MyIngress.drop
[19:18:40.270] [bmv2] [T] [thread 4489] [4.0] [cxt 0] source_routing.p4(113) Primitive mark_to_drop()
[19:18:40.270] [bmv2] [D] [thread 4489] [4.0] [cxt 0] Pipeline 'ingress': end
[19:18:40.270] [bmv2] [D] [thread 4489] [4.0] [cxt 0] Egress port is 511
[19:18:40.270] [bmv2] [D] [thread 4489] [4.0] [cxt 0] Dropping packet at the end of ingress
[19:18:40.270] [bmv2] [D] [thread 4489] [5.0] [cxt 0] Processing packet received on port 3
[19:18:40.270] [bmv2] [D] [thread 4489] [5.0] [cxt 0] Parser 'parser': start
[19:18:40.270] [bmv2] [D] [thread 4489] [5.0] [cxt 0] Parser 'parser' entering state 'start'
[19:18:40.270] [bmv2] [D] [thread 4489] [5.0] [cxt 0] Extracting header 'ethernet'
[19:18:40.270] [bmv2] [D] [thread 4489] [5.0] [cxt 0] Parser state 'start' has no switch, going to default next state
[19:18:40.270] [bmv2] [T] [thread 4489] [5.0] [cxt 0] Bytes parsed: 14
[19:18:40.270] [bmv2] [D] [thread 4489] [5.0] [cxt 0] Parser 'parser': end
Connection removed
[19:18:40.275] [bmv2] [D] [thread 4489] [5.0] [cxt 0] Pipeline 'ingress': start
[19:18:40.275] [bmv2] [T] [thread 4489] [5.0] [cxt 0] source_routing.p4(133) Condition "hdr.srcRoutes[0].isValid()" (node_2) is false
[19:18:40.275] [bmv2] [T] [thread 4489] [5.0] [cxt 0] Applying table 'tbl_drop'
[19:18:40.275] [bmv2] [D] [thread 4489] [5.0] [cxt 0] Looking up key:

[19:18:40.275] [bmv2] [D] [thread 4489] [5.0] [cxt 0] Table 'tbl_drop': miss
[19:18:40.275] [bmv2] [D] [thread 4489] [5.0] [cxt 0] Action entry is MyIngress.drop - 
[19:18:40.275] [bmv2] [T] [thread 4489] [5.0] [cxt 0] Action MyIngress.drop
[19:18:40.275] [bmv2] [T] [thread 4489] [5.0] [cxt 0] source_routing.p4(113) Primitive mark_to_drop()
[19:18:40.275] [bmv2] [D] [thread 4489] [5.0] [cxt 0] Pipeline 'ingress': end
[19:18:40.275] [bmv2] [D] [thread 4489] [5.0] [cxt 0] Egress port is 511
[19:18:40.275] [bmv2] [D] [thread 4489] [5.0] [cxt 0] Dropping packet at the end of ingress
[19:18:40.275] [bmv2] [D] [thread 4489] [6.0] [cxt 0] Processing packet received on port 2
[19:18:40.275] [bmv2] [D] [thread 4489] [6.0] [cxt 0] Parser 'parser': start
[19:18:40.275] [bmv2] [D] [thread 4489] [6.0] [cxt 0] Parser 'parser' entering state 'start'
[19:18:40.275] [bmv2] [D] [thread 4489] [6.0] [cxt 0] Extracting header 'ethernet'
[19:18:40.275] [bmv2] [D] [thread 4489] [6.0] [cxt 0] Parser state 'start' has no switch, going to default next state
[19:18:40.275] [bmv2] [T] [thread 4489] [6.0] [cxt 0] Bytes parsed: 14
[19:18:40.275] [bmv2] [D] [thread 4489] [6.0] [cxt 0] Parser 'parser': end
[19:18:40.275] [bmv2] [D] [thread 4489] [6.0] [cxt 0] Pipeline 'ingress': start
[19:18:40.275] [bmv2] [T] [thread 4489] [6.0] [cxt 0] source_routing.p4(133) Condition "hdr.srcRoutes[0].isValid()" (node_2) is false
[19:18:40.275] [bmv2] [T] [thread 4489] [6.0] [cxt 0] Applying table 'tbl_drop'
[19:18:40.275] [bmv2] [D] [thread 4489] [6.0] [cxt 0] Looking up key:

[19:18:40.275] [bmv2] [D] [thread 4489] [6.0] [cxt 0] Table 'tbl_drop': miss
[19:18:40.275] [bmv2] [D] [thread 4489] [6.0] [cxt 0] Action entry is MyIngress.drop - 
[19:18:40.275] [bmv2] [T] [thread 4489] [6.0] [cxt 0] Action MyIngress.drop
[19:18:40.275] [bmv2] [T] [thread 4489] [6.0] [cxt 0] source_routing.p4(113) Primitive mark_to_drop()
[19:18:40.275] [bmv2] [D] [thread 4489] [6.0] [cxt 0] Pipeline 'ingress': end
[19:18:40.275] [bmv2] [D] [thread 4489] [6.0] [cxt 0] Egress port is 511
[19:18:40.275] [bmv2] [D] [thread 4489] [6.0] [cxt 0] Dropping packet at the end of ingress
[19:18:40.275] [bmv2] [D] [thread 4489] [7.0] [cxt 0] Processing packet received on port 3
[19:18:40.275] [bmv2] [D] [thread 4489] [7.0] [cxt 0] Parser 'parser': start
[19:18:40.275] [bmv2] [D] [thread 4489] [7.0] [cxt 0] Parser 'parser' entering state 'start'
[19:18:40.275] [bmv2] [D] [thread 4489] [7.0] [cxt 0] Extracting header 'ethernet'
[19:18:40.275] [bmv2] [D] [thread 4489] [7.0] [cxt 0] Parser state 'start' has no switch, going to default next state
[19:18:40.275] [bmv2] [T] [thread 4489] [7.0] [cxt 0] Bytes parsed: 14
[19:18:40.275] [bmv2] [D] [thread 4489] [7.0] [cxt 0] Parser 'parser': end
[19:18:40.275] [bmv2] [D] [thread 4489] [7.0] [cxt 0] Pipeline 'ingress': start
[19:18:40.275] [bmv2] [T] [thread 4489] [7.0] [cxt 0] source_routing.p4(133) Condition "hdr.srcRoutes[0].isValid()" (node_2) is false
[19:18:40.275] [bmv2] [T] [thread 4489] [7.0] [cxt 0] Applying table 'tbl_drop'
[19:18:40.275] [bmv2] [D] [thread 4489] [7.0] [cxt 0] Looking up key:

[19:18:40.275] [bmv2] [D] [thread 4489] [7.0] [cxt 0] Table 'tbl_drop': miss
[19:18:40.275] [bmv2] [D] [thread 4489] [7.0] [cxt 0] Action entry is MyIngress.drop - 
[19:18:40.275] [bmv2] [T] [thread 4489] [7.0] [cxt 0] Action MyIngress.drop
[19:18:40.275] [bmv2] [T] [thread 4489] [7.0] [cxt 0] source_routing.p4(113) Primitive mark_to_drop()
[19:18:40.275] [bmv2] [D] [thread 4489] [7.0] [cxt 0] Pipeline 'ingress': end
[19:18:40.275] [bmv2] [D] [thread 4489] [7.0] [cxt 0] Egress port is 511
[19:18:40.275] [bmv2] [D] [thread 4489] [7.0] [cxt 0] Dropping packet at the end of ingress
[19:18:40.275] [bmv2] [D] [thread 4489] [8.0] [cxt 0] Processing packet received on port 2
[19:18:40.275] [bmv2] [D] [thread 4489] [8.0] [cxt 0] Parser 'parser': start
[19:18:40.275] [bmv2] [D] [thread 4489] [8.0] [cxt 0] Parser 'parser' entering state 'start'
[19:18:40.275] [bmv2] [D] [thread 4489] [8.0] [cxt 0] Extracting header 'ethernet'
[19:18:40.275] [bmv2] [D] [thread 4489] [8.0] [cxt 0] Parser state 'start' has no switch, going to default next state
[19:18:40.275] [bmv2] [T] [thread 4489] [8.0] [cxt 0] Bytes parsed: 14
[19:18:40.275] [bmv2] [D] [thread 4489] [8.0] [cxt 0] Parser 'parser': end
[19:18:40.275] [bmv2] [D] [thread 4489] [8.0] [cxt 0] Pipeline 'ingress': start
[19:18:40.275] [bmv2] [T] [thread 4489] [8.0] [cxt 0] source_routing.p4(133) Condition "hdr.srcRoutes[0].isValid()" (node_2) is false
[19:18:40.275] [bmv2] [T] [thread 4489] [8.0] [cxt 0] Applying table 'tbl_drop'
[19:18:40.275] [bmv2] [D] [thread 4489] [8.0] [cxt 0] Looking up key:

[19:18:40.275] [bmv2] [D] [thread 4489] [8.0] [cxt 0] Table 'tbl_drop': miss
[19:18:40.275] [bmv2] [D] [thread 4489] [8.0] [cxt 0] Action entry is MyIngress.drop - 
[19:18:40.275] [bmv2] [T] [thread 4489] [8.0] [cxt 0] Action MyIngress.drop
[19:18:40.275] [bmv2] [T] [thread 4489] [8.0] [cxt 0] source_routing.p4(113) Primitive mark_to_drop()
[19:18:40.275] [bmv2] [D] [thread 4489] [8.0] [cxt 0] Pipeline 'ingress': end
[19:18:40.275] [bmv2] [D] [thread 4489] [8.0] [cxt 0] Egress port is 511
[19:18:40.275] [bmv2] [D] [thread 4489] [8.0] [cxt 0] Dropping packet at the end of ingress
[19:18:40.275] [bmv2] [D] [thread 4489] [9.0] [cxt 0] Processing packet received on port 3
[19:18:40.275] [bmv2] [D] [thread 4489] [9.0] [cxt 0] Parser 'parser': start
[19:18:40.275] [bmv2] [D] [thread 4489] [9.0] [cxt 0] Parser 'parser' entering state 'start'
[19:18:40.275] [bmv2] [D] [thread 4489] [9.0] [cxt 0] Extracting header 'ethernet'
[19:18:40.275] [bmv2] [D] [thread 4489] [9.0] [cxt 0] Parser state 'start' has no switch, going to default next state
[19:18:40.275] [bmv2] [T] [thread 4489] [9.0] [cxt 0] Bytes parsed: 14
[19:18:40.275] [bmv2] [D] [thread 4489] [9.0] [cxt 0] Parser 'parser': end
[19:18:40.275] [bmv2] [D] [thread 4489] [9.0] [cxt 0] Pipeline 'ingress': start
[19:18:40.275] [bmv2] [T] [thread 4489] [9.0] [cxt 0] source_routing.p4(133) Condition "hdr.srcRoutes[0].isValid()" (node_2) is false
[19:18:40.275] [bmv2] [T] [thread 4489] [9.0] [cxt 0] Applying table 'tbl_drop'
[19:18:40.275] [bmv2] [D] [thread 4489] [9.0] [cxt 0] Looking up key:

[19:18:40.275] [bmv2] [D] [thread 4489] [9.0] [cxt 0] Table 'tbl_drop': miss
[19:18:40.275] [bmv2] [D] [thread 4489] [9.0] [cxt 0] Action entry is MyIngress.drop - 
[19:18:40.275] [bmv2] [T] [thread 4489] [9.0] [cxt 0] Action MyIngress.drop
[19:18:40.275] [bmv2] [T] [thread 4489] [9.0] [cxt 0] source_routing.p4(113) Primitive mark_to_drop()
[19:18:40.275] [bmv2] [D] [thread 4489] [9.0] [cxt 0] Pipeline 'ingress': end
[19:18:40.275] [bmv2] [D] [thread 4489] [9.0] [cxt 0] Egress port is 511
[19:18:40.275] [bmv2] [D] [thread 4489] [9.0] [cxt 0] Dropping packet at the end of ingress
[19:18:40.275] [bmv2] [D] [thread 4489] [10.0] [cxt 0] Processing packet received on port 2
[19:18:40.275] [bmv2] [D] [thread 4489] [10.0] [cxt 0] Parser 'parser': start
[19:18:40.275] [bmv2] [D] [thread 4489] [10.0] [cxt 0] Parser 'parser' entering state 'start'
[19:18:40.275] [bmv2] [D] [thread 4489] [10.0] [cxt 0] Extracting header 'ethernet'
[19:18:40.275] [bmv2] [D] [thread 4489] [10.0] [cxt 0] Parser state 'start' has no switch, going to default next state
[19:18:40.275] [bmv2] [T] [thread 4489] [10.0] [cxt 0] Bytes parsed: 14
[19:18:40.275] [bmv2] [D] [thread 4489] [10.0] [cxt 0] Parser 'parser': end
[19:18:40.275] [bmv2] [D] [thread 4489] [10.0] [cxt 0] Pipeline 'ingress': start
[19:18:40.275] [bmv2] [T] [thread 4489] [10.0] [cxt 0] source_routing.p4(133) Condition "hdr.srcRoutes[0].isValid()" (node_2) is false
[19:18:40.275] [bmv2] [T] [thread 4489] [10.0] [cxt 0] Applying table 'tbl_drop'
[19:18:40.275] [bmv2] [D] [thread 4489] [10.0] [cxt 0] Looking up key:

[19:18:40.275] [bmv2] [D] [thread 4489] [10.0] [cxt 0] Table 'tbl_drop': miss
[19:18:40.275] [bmv2] [D] [thread 4489] [10.0] [cxt 0] Action entry is MyIngress.drop - 
[19:18:40.275] [bmv2] [T] [thread 4489] [10.0] [cxt 0] Action MyIngress.drop
[19:18:40.275] [bmv2] [T] [thread 4489] [10.0] [cxt 0] source_routing.p4(113) Primitive mark_to_drop()
[19:18:40.275] [bmv2] [D] [thread 4489] [10.0] [cxt 0] Pipeline 'ingress': end
[19:18:40.276] [bmv2] [D] [thread 4489] [10.0] [cxt 0] Egress port is 511
[19:18:40.276] [bmv2] [D] [thread 4489] [10.0] [cxt 0] Dropping packet at the end of ingress
[19:18:40.276] [bmv2] [D] [thread 4489] [11.0] [cxt 0] Processing packet received on port 3
[19:18:40.276] [bmv2] [D] [thread 4489] [11.0] [cxt 0] Parser 'parser': start
[19:18:40.276] [bmv2] [D] [thread 4489] [11.0] [cxt 0] Parser 'parser' entering state 'start'
[19:18:40.276] [bmv2] [D] [thread 4489] [11.0] [cxt 0] Extracting header 'ethernet'
[19:18:40.276] [bmv2] [D] [thread 4489] [11.0] [cxt 0] Parser state 'start' has no switch, going to default next state
[19:18:40.276] [bmv2] [T] [thread 4489] [11.0] [cxt 0] Bytes parsed: 14
[19:18:40.276] [bmv2] [D] [thread 4489] [11.0] [cxt 0] Parser 'parser': end
[19:18:40.276] [bmv2] [D] [thread 4489] [11.0] [cxt 0] Pipeline 'ingress': start
[19:18:40.276] [bmv2] [T] [thread 4489] [11.0] [cxt 0] source_routing.p4(133) Condition "hdr.srcRoutes[0].isValid()" (node_2) is false
[19:18:40.276] [bmv2] [T] [thread 4489] [11.0] [cxt 0] Applying table 'tbl_drop'
[19:18:40.276] [bmv2] [D] [thread 4489] [11.0] [cxt 0] Looking up key:

[19:18:40.276] [bmv2] [D] [thread 4489] [11.0] [cxt 0] Table 'tbl_drop': miss
[19:18:40.276] [bmv2] [D] [thread 4489] [11.0] [cxt 0] Action entry is MyIngress.drop - 
[19:18:40.276] [bmv2] [T] [thread 4489] [11.0] [cxt 0] Action MyIngress.drop
[19:18:40.276] [bmv2] [T] [thread 4489] [11.0] [cxt 0] source_routing.p4(113) Primitive mark_to_drop()
[19:18:40.276] [bmv2] [D] [thread 4489] [11.0] [cxt 0] Pipeline 'ingress': end
[19:18:40.276] [bmv2] [D] [thread 4489] [11.0] [cxt 0] Egress port is 511
[19:18:40.276] [bmv2] [D] [thread 4489] [11.0] [cxt 0] Dropping packet at the end of ingress
[19:18:40.276] [bmv2] [D] [thread 4489] [12.0] [cxt 0] Processing packet received on port 2
[19:18:40.276] [bmv2] [D] [thread 4489] [12.0] [cxt 0] Parser 'parser': start
[19:18:40.276] [bmv2] [D] [thread 4489] [12.0] [cxt 0] Parser 'parser' entering state 'start'
[19:18:40.276] [bmv2] [D] [thread 4489] [12.0] [cxt 0] Extracting header 'ethernet'
[19:18:40.276] [bmv2] [D] [thread 4489] [12.0] [cxt 0] Parser state 'start' has no switch, going to default next state
[19:18:40.276] [bmv2] [T] [thread 4489] [12.0] [cxt 0] Bytes parsed: 14
[19:18:40.276] [bmv2] [D] [thread 4489] [12.0] [cxt 0] Parser 'parser': end
[19:18:40.276] [bmv2] [D] [thread 4489] [12.0] [cxt 0] Pipeline 'ingress': start
[19:18:40.276] [bmv2] [T] [thread 4489] [12.0] [cxt 0] source_routing.p4(133) Condition "hdr.srcRoutes[0].isValid()" (node_2) is false
[19:18:40.276] [bmv2] [T] [thread 4489] [12.0] [cxt 0] Applying table 'tbl_drop'
[19:18:40.276] [bmv2] [D] [thread 4489] [12.0] [cxt 0] Looking up key:

[19:18:40.276] [bmv2] [D] [thread 4489] [12.0] [cxt 0] Table 'tbl_drop': miss
[19:18:40.276] [bmv2] [D] [thread 4489] [12.0] [cxt 0] Action entry is MyIngress.drop - 
[19:18:40.276] [bmv2] [T] [thread 4489] [12.0] [cxt 0] Action MyIngress.drop
[19:18:40.276] [bmv2] [T] [thread 4489] [12.0] [cxt 0] source_routing.p4(113) Primitive mark_to_drop()
[19:18:40.276] [bmv2] [D] [thread 4489] [12.0] [cxt 0] Pipeline 'ingress': end
[19:18:40.276] [bmv2] [D] [thread 4489] [12.0] [cxt 0] Egress port is 511
[19:18:40.276] [bmv2] [D] [thread 4489] [12.0] [cxt 0] Dropping packet at the end of ingress
[19:18:40.276] [bmv2] [D] [thread 4489] [13.0] [cxt 0] Processing packet received on port 3
[19:18:40.276] [bmv2] [D] [thread 4489] [13.0] [cxt 0] Parser 'parser': start
[19:18:40.276] [bmv2] [D] [thread 4489] [13.0] [cxt 0] Parser 'parser' entering state 'start'
[19:18:40.276] [bmv2] [D] [thread 4489] [13.0] [cxt 0] Extracting header 'ethernet'
[19:18:40.276] [bmv2] [D] [thread 4489] [13.0] [cxt 0] Parser state 'start' has no switch, going to default next state
[19:18:40.276] [bmv2] [T] [thread 4489] [13.0] [cxt 0] Bytes parsed: 14
[19:18:40.276] [bmv2] [D] [thread 4489] [13.0] [cxt 0] Parser 'parser': end
[19:18:40.276] [bmv2] [D] [thread 4489] [13.0] [cxt 0] Pipeline 'ingress': start
[19:18:40.276] [bmv2] [T] [thread 4489] [13.0] [cxt 0] source_routing.p4(133) Condition "hdr.srcRoutes[0].isValid()" (node_2) is false
[19:18:40.276] [bmv2] [T] [thread 4489] [13.0] [cxt 0] Applying table 'tbl_drop'
[19:18:40.276] [bmv2] [D] [thread 4489] [13.0] [cxt 0] Looking up key:

[19:18:40.276] [bmv2] [D] [thread 4489] [13.0] [cxt 0] Table 'tbl_drop': miss
[19:18:40.276] [bmv2] [D] [thread 4489] [13.0] [cxt 0] Action entry is MyIngress.drop - 
[19:18:40.276] [bmv2] [T] [thread 4489] [13.0] [cxt 0] Action MyIngress.drop
[19:18:40.276] [bmv2] [T] [thread 4489] [13.0] [cxt 0] source_routing.p4(113) Primitive mark_to_drop()
[19:18:40.276] [bmv2] [D] [thread 4489] [13.0] [cxt 0] Pipeline 'ingress': end
[19:18:40.276] [bmv2] [D] [thread 4489] [13.0] [cxt 0] Egress port is 511
[19:18:40.276] [bmv2] [D] [thread 4489] [13.0] [cxt 0] Dropping packet at the end of ingress
[19:18:40.276] [bmv2] [D] [thread 4489] [14.0] [cxt 0] Processing packet received on port 2
[19:18:40.276] [bmv2] [D] [thread 4489] [14.0] [cxt 0] Parser 'parser': start
[19:18:40.276] [bmv2] [D] [thread 4489] [14.0] [cxt 0] Parser 'parser' entering state 'start'
[19:18:40.276] [bmv2] [D] [thread 4489] [14.0] [cxt 0] Extracting header 'ethernet'
[19:18:40.276] [bmv2] [D] [thread 4489] [14.0] [cxt 0] Parser state 'start' has no switch, going to default next state
[19:18:40.276] [bmv2] [T] [thread 4489] [14.0] [cxt 0] Bytes parsed: 14
[19:18:40.276] [bmv2] [D] [thread 4489] [14.0] [cxt 0] Parser 'parser': end
[19:18:40.276] [bmv2] [D] [thread 4489] [14.0] [cxt 0] Pipeline 'ingress': start
[19:18:40.276] [bmv2] [T] [thread 4489] [14.0] [cxt 0] source_routing.p4(133) Condition "hdr.srcRoutes[0].isValid()" (node_2) is false
[19:18:40.276] [bmv2] [T] [thread 4489] [14.0] [cxt 0] Applying table 'tbl_drop'
[19:18:40.276] [bmv2] [D] [thread 4489] [14.0] [cxt 0] Looking up key:

[19:18:40.276] [bmv2] [D] [thread 4489] [14.0] [cxt 0] Table 'tbl_drop': miss
[19:18:40.276] [bmv2] [D] [thread 4489] [14.0] [cxt 0] Action entry is MyIngress.drop - 
[19:18:40.276] [bmv2] [T] [thread 4489] [14.0] [cxt 0] Action MyIngress.drop
[19:18:40.276] [bmv2] [T] [thread 4489] [14.0] [cxt 0] source_routing.p4(113) Primitive mark_to_drop()
[19:18:40.276] [bmv2] [D] [thread 4489] [14.0] [cxt 0] Pipeline 'ingress': end
[19:18:40.276] [bmv2] [D] [thread 4489] [14.0] [cxt 0] Egress port is 511
[19:18:40.276] [bmv2] [D] [thread 4489] [14.0] [cxt 0] Dropping packet at the end of ingress
[19:18:40.276] [bmv2] [D] [thread 4489] [15.0] [cxt 0] Processing packet received on port 3
[19:18:40.276] [bmv2] [D] [thread 4489] [15.0] [cxt 0] Parser 'parser': start
[19:18:40.276] [bmv2] [D] [thread 4489] [15.0] [cxt 0] Parser 'parser' entering state 'start'
[19:18:40.276] [bmv2] [D] [thread 4489] [15.0] [cxt 0] Extracting header 'ethernet'
[19:18:40.276] [bmv2] [D] [thread 4489] [15.0] [cxt 0] Parser state 'start' has no switch, going to default next state
[19:18:40.276] [bmv2] [T] [thread 4489] [15.0] [cxt 0] Bytes parsed: 14
[19:18:40.276] [bmv2] [D] [thread 4489] [15.0] [cxt 0] Parser 'parser': end
[19:18:40.276] [bmv2] [D] [thread 4489] [15.0] [cxt 0] Pipeline 'ingress': start
[19:18:40.276] [bmv2] [T] [thread 4489] [15.0] [cxt 0] source_routing.p4(133) Condition "hdr.srcRoutes[0].isValid()" (node_2) is false
[19:18:40.276] [bmv2] [T] [thread 4489] [15.0] [cxt 0] Applying table 'tbl_drop'
[19:18:40.276] [bmv2] [D] [thread 4489] [15.0] [cxt 0] Looking up key:

[19:18:40.276] [bmv2] [D] [thread 4489] [15.0] [cxt 0] Table 'tbl_drop': miss
[19:18:40.276] [bmv2] [D] [thread 4489] [15.0] [cxt 0] Action entry is MyIngress.drop - 
[19:18:40.276] [bmv2] [T] [thread 4489] [15.0] [cxt 0] Action MyIngress.drop
[19:18:40.276] [bmv2] [T] [thread 4489] [15.0] [cxt 0] source_routing.p4(113) Primitive mark_to_drop()
[19:18:40.276] [bmv2] [D] [thread 4489] [15.0] [cxt 0] Pipeline 'ingress': end
[19:18:40.276] [bmv2] [D] [thread 4489] [15.0] [cxt 0] Egress port is 511
[19:18:40.276] [bmv2] [D] [thread 4489] [15.0] [cxt 0] Dropping packet at the end of ingress
[19:18:40.427] [bmv2] [D] [thread 4489] [16.0] [cxt 0] Processing packet received on port 1
[19:18:40.427] [bmv2] [D] [thread 4489] [16.0] [cxt 0] Parser 'parser': start
[19:18:40.427] [bmv2] [D] [thread 4489] [16.0] [cxt 0] Parser 'parser' entering state 'start'
[19:18:40.427] [bmv2] [D] [thread 4489] [16.0] [cxt 0] Extracting header 'ethernet'
[19:18:40.427] [bmv2] [D] [thread 4489] [16.0] [cxt 0] Parser state 'start' has no switch, going to default next state
[19:18:40.427] [bmv2] [T] [thread 4489] [16.0] [cxt 0] Bytes parsed: 14
[19:18:40.427] [bmv2] [D] [thread 4489] [16.0] [cxt 0] Parser 'parser': end
[19:18:40.427] [bmv2] [D] [thread 4489] [16.0] [cxt 0] Pipeline 'ingress': start
[19:18:40.427] [bmv2] [T] [thread 4489] [16.0] [cxt 0] source_routing.p4(133) Condition "hdr.srcRoutes[0].isValid()" (node_2) is false
[19:18:40.427] [bmv2] [T] [thread 4489] [16.0] [cxt 0] Applying table 'tbl_drop'
[19:18:40.427] [bmv2] [D] [thread 4489] [16.0] [cxt 0] Looking up key:

[19:18:40.427] [bmv2] [D] [thread 4489] [16.0] [cxt 0] Table 'tbl_drop': miss
[19:18:40.427] [bmv2] [D] [thread 4489] [16.0] [cxt 0] Action entry is MyIngress.drop - 
[19:18:40.427] [bmv2] [T] [thread 4489] [16.0] [cxt 0] Action MyIngress.drop
[19:18:40.428] [bmv2] [T] [thread 4489] [16.0] [cxt 0] source_routing.p4(113) Primitive mark_to_drop()
[19:18:40.428] [bmv2] [D] [thread 4489] [16.0] [cxt 0] Pipeline 'ingress': end
[19:18:40.428] [bmv2] [D] [thread 4489] [16.0] [cxt 0] Egress port is 511
[19:18:40.428] [bmv2] [D] [thread 4489] [16.0] [cxt 0] Dropping packet at the end of ingress
[19:18:40.470] [bmv2] [D] [thread 4489] [17.0] [cxt 0] Processing packet received on port 3
[19:18:40.470] [bmv2] [D] [thread 4489] [17.0] [cxt 0] Parser 'parser': start
[19:18:40.470] [bmv2] [D] [thread 4489] [17.0] [cxt 0] Parser 'parser' entering state 'start'
[19:18:40.470] [bmv2] [D] [thread 4489] [17.0] [cxt 0] Extracting header 'ethernet'
[19:18:40.470] [bmv2] [D] [thread 4489] [17.0] [cxt 0] Parser state 'start' has no switch, going to default next state
[19:18:40.470] [bmv2] [T] [thread 4489] [17.0] [cxt 0] Bytes parsed: 14
[19:18:40.470] [bmv2] [D] [thread 4489] [17.0] [cxt 0] Parser 'parser': end
[19:18:40.470] [bmv2] [D] [thread 4489] [17.0] [cxt 0] Pipeline 'ingress': start
[19:18:40.470] [bmv2] [T] [thread 4489] [17.0] [cxt 0] source_routing.p4(133) Condition "hdr.srcRoutes[0].isValid()" (node_2) is false
[19:18:40.470] [bmv2] [T] [thread 4489] [17.0] [cxt 0] Applying table 'tbl_drop'
[19:18:40.470] [bmv2] [D] [thread 4489] [17.0] [cxt 0] Looking up key:

[19:18:40.470] [bmv2] [D] [thread 4489] [17.0] [cxt 0] Table 'tbl_drop': miss
[19:18:40.470] [bmv2] [D] [thread 4489] [17.0] [cxt 0] Action entry is MyIngress.drop - 
[19:18:40.470] [bmv2] [T] [thread 4489] [17.0] [cxt 0] Action MyIngress.drop
[19:18:40.470] [bmv2] [T] [thread 4489] [17.0] [cxt 0] source_routing.p4(113) Primitive mark_to_drop()
[19:18:40.470] [bmv2] [D] [thread 4489] [17.0] [cxt 0] Pipeline 'ingress': end
[19:18:40.470] [bmv2] [D] [thread 4489] [17.0] [cxt 0] Egress port is 511
[19:18:40.470] [bmv2] [D] [thread 4489] [17.0] [cxt 0] Dropping packet at the end of ingress
[19:18:40.538] [bmv2] [D] [thread 4489] [18.0] [cxt 0] Processing packet received on port 2
[19:18:40.538] [bmv2] [D] [thread 4489] [18.0] [cxt 0] Parser 'parser': start
[19:18:40.538] [bmv2] [D] [thread 4489] [18.0] [cxt 0] Parser 'parser' entering state 'start'
[19:18:40.538] [bmv2] [D] [thread 4489] [18.0] [cxt 0] Extracting header 'ethernet'
[19:18:40.538] [bmv2] [D] [thread 4489] [18.0] [cxt 0] Parser state 'start' has no switch, going to default next state
[19:18:40.538] [bmv2] [T] [thread 4489] [18.0] [cxt 0] Bytes parsed: 14
[19:18:40.538] [bmv2] [D] [thread 4489] [18.0] [cxt 0] Parser 'parser': end
[19:18:40.538] [bmv2] [D] [thread 4489] [18.0] [cxt 0] Pipeline 'ingress': start
[19:18:40.538] [bmv2] [T] [thread 4489] [18.0] [cxt 0] source_routing.p4(133) Condition "hdr.srcRoutes[0].isValid()" (node_2) is false
[19:18:40.538] [bmv2] [T] [thread 4489] [18.0] [cxt 0] Applying table 'tbl_drop'
[19:18:40.538] [bmv2] [D] [thread 4489] [18.0] [cxt 0] Looking up key:

[19:18:40.538] [bmv2] [D] [thread 4489] [18.0] [cxt 0] Table 'tbl_drop': miss
[19:18:40.538] [bmv2] [D] [thread 4489] [18.0] [cxt 0] Action entry is MyIngress.drop - 
[19:18:40.538] [bmv2] [T] [thread 4489] [18.0] [cxt 0] Action MyIngress.drop
[19:18:40.538] [bmv2] [T] [thread 4489] [18.0] [cxt 0] source_routing.p4(113) Primitive mark_to_drop()
[19:18:40.538] [bmv2] [D] [thread 4489] [18.0] [cxt 0] Pipeline 'ingress': end
[19:18:40.538] [bmv2] [D] [thread 4489] [18.0] [cxt 0] Egress port is 511
[19:18:40.538] [bmv2] [D] [thread 4489] [18.0] [cxt 0] Dropping packet at the end of ingress
[19:18:40.571] [bmv2] [D] [thread 4489] [19.0] [cxt 0] Processing packet received on port 3
[19:18:40.571] [bmv2] [D] [thread 4489] [19.0] [cxt 0] Parser 'parser': start
[19:18:40.571] [bmv2] [D] [thread 4489] [19.0] [cxt 0] Parser 'parser' entering state 'start'
[19:18:40.571] [bmv2] [D] [thread 4489] [19.0] [cxt 0] Extracting header 'ethernet'
[19:18:40.571] [bmv2] [D] [thread 4489] [19.0] [cxt 0] Parser state 'start' has no switch, going to default next state
[19:18:40.571] [bmv2] [T] [thread 4489] [19.0] [cxt 0] Bytes parsed: 14
[19:18:40.571] [bmv2] [D] [thread 4489] [19.0] [cxt 0] Parser 'parser': end
[19:18:40.571] [bmv2] [D] [thread 4489] [19.0] [cxt 0] Pipeline 'ingress': start
[19:18:40.571] [bmv2] [T] [thread 4489] [19.0] [cxt 0] source_routing.p4(133) Condition "hdr.srcRoutes[0].isValid()" (node_2) is false
[19:18:40.571] [bmv2] [T] [thread 4489] [19.0] [cxt 0] Applying table 'tbl_drop'
[19:18:40.572] [bmv2] [D] [thread 4489] [19.0] [cxt 0] Looking up key:

[19:18:40.572] [bmv2] [D] [thread 4489] [19.0] [cxt 0] Table 'tbl_drop': miss
[19:18:40.572] [bmv2] [D] [thread 4489] [19.0] [cxt 0] Action entry is MyIngress.drop - 
[19:18:40.572] [bmv2] [T] [thread 4489] [19.0] [cxt 0] Action MyIngress.drop
[19:18:40.572] [bmv2] [T] [thread 4489] [19.0] [cxt 0] source_routing.p4(113) Primitive mark_to_drop()
[19:18:40.572] [bmv2] [D] [thread 4489] [19.0] [cxt 0] Pipeline 'ingress': end
[19:18:40.572] [bmv2] [D] [thread 4489] [19.0] [cxt 0] Egress port is 511
[19:18:40.572] [bmv2] [D] [thread 4489] [19.0] [cxt 0] Dropping packet at the end of ingress
[19:18:40.734] [bmv2] [D] [thread 4489] [20.0] [cxt 0] Processing packet received on port 2
[19:18:40.734] [bmv2] [D] [thread 4489] [20.0] [cxt 0] Parser 'parser': start
[19:18:40.734] [bmv2] [D] [thread 4489] [20.0] [cxt 0] Parser 'parser' entering state 'start'
[19:18:40.734] [bmv2] [D] [thread 4489] [20.0] [cxt 0] Extracting header 'ethernet'
[19:18:40.734] [bmv2] [D] [thread 4489] [20.0] [cxt 0] Parser state 'start' has no switch, going to default next state
[19:18:40.734] [bmv2] [T] [thread 4489] [20.0] [cxt 0] Bytes parsed: 14
[19:18:40.734] [bmv2] [D] [thread 4489] [20.0] [cxt 0] Parser 'parser': end
[19:18:40.734] [bmv2] [D] [thread 4489] [20.0] [cxt 0] Pipeline 'ingress': start
[19:18:40.734] [bmv2] [T] [thread 4489] [20.0] [cxt 0] source_routing.p4(133) Condition "hdr.srcRoutes[0].isValid()" (node_2) is false
[19:18:40.734] [bmv2] [T] [thread 4489] [20.0] [cxt 0] Applying table 'tbl_drop'
[19:18:40.734] [bmv2] [D] [thread 4489] [20.0] [cxt 0] Looking up key:

[19:18:40.734] [bmv2] [D] [thread 4489] [20.0] [cxt 0] Table 'tbl_drop': miss
[19:18:40.734] [bmv2] [D] [thread 4489] [20.0] [cxt 0] Action entry is MyIngress.drop - 
[19:18:40.734] [bmv2] [T] [thread 4489] [20.0] [cxt 0] Action MyIngress.drop
[19:18:40.734] [bmv2] [T] [thread 4489] [20.0] [cxt 0] source_routing.p4(113) Primitive mark_to_drop()
[19:18:40.734] [bmv2] [D] [thread 4489] [20.0] [cxt 0] Pipeline 'ingress': end
[19:18:40.734] [bmv2] [D] [thread 4489] [20.0] [cxt 0] Egress port is 511
[19:18:40.734] [bmv2] [D] [thread 4489] [20.0] [cxt 0] Dropping packet at the end of ingress
[19:18:41.447] [bmv2] [D] [thread 4489] [21.0] [cxt 0] Processing packet received on port 3
[19:18:41.447] [bmv2] [D] [thread 4489] [21.0] [cxt 0] Parser 'parser': start
[19:18:41.447] [bmv2] [D] [thread 4489] [21.0] [cxt 0] Parser 'parser' entering state 'start'
[19:18:41.447] [bmv2] [D] [thread 4489] [21.0] [cxt 0] Extracting header 'ethernet'
[19:18:41.447] [bmv2] [D] [thread 4489] [21.0] [cxt 0] Parser state 'start' has no switch, going to default next state
[19:18:41.447] [bmv2] [T] [thread 4489] [21.0] [cxt 0] Bytes parsed: 14
[19:18:41.447] [bmv2] [D] [thread 4489] [21.0] [cxt 0] Parser 'parser': end
[19:18:41.447] [bmv2] [D] [thread 4489] [21.0] [cxt 0] Pipeline 'ingress': start
[19:18:41.447] [bmv2] [T] [thread 4489] [21.0] [cxt 0] source_routing.p4(133) Condition "hdr.srcRoutes[0].isValid()" (node_2) is false
[19:18:41.447] [bmv2] [T] [thread 4489] [21.0] [cxt 0] Applying table 'tbl_drop'
[19:18:41.447] [bmv2] [D] [thread 4489] [21.0] [cxt 0] Looking up key:

[19:18:41.447] [bmv2] [D] [thread 4489] [21.0] [cxt 0] Table 'tbl_drop': miss
[19:18:41.447] [bmv2] [D] [thread 4489] [21.0] [cxt 0] Action entry is MyIngress.drop - 
[19:18:41.447] [bmv2] [T] [thread 4489] [21.0] [cxt 0] Action MyIngress.drop
[19:18:41.447] [bmv2] [T] [thread 4489] [21.0] [cxt 0] source_routing.p4(113) Primitive mark_to_drop()
[19:18:41.447] [bmv2] [D] [thread 4489] [21.0] [cxt 0] Pipeline 'ingress': end
[19:18:41.447] [bmv2] [D] [thread 4489] [21.0] [cxt 0] Egress port is 511
[19:18:41.447] [bmv2] [D] [thread 4489] [21.0] [cxt 0] Dropping packet at the end of ingress
[19:18:41.517] [bmv2] [D] [thread 4489] [22.0] [cxt 0] Processing packet received on port 2
[19:18:41.517] [bmv2] [D] [thread 4489] [22.0] [cxt 0] Parser 'parser': start
[19:18:41.517] [bmv2] [D] [thread 4489] [22.0] [cxt 0] Parser 'parser' entering state 'start'
[19:18:41.517] [bmv2] [D] [thread 4489] [22.0] [cxt 0] Extracting header 'ethernet'
[19:18:41.517] [bmv2] [D] [thread 4489] [22.0] [cxt 0] Parser state 'start' has no switch, going to default next state
[19:18:41.517] [bmv2] [T] [thread 4489] [22.0] [cxt 0] Bytes parsed: 14
[19:18:41.517] [bmv2] [D] [thread 4489] [22.0] [cxt 0] Parser 'parser': end
[19:18:41.517] [bmv2] [D] [thread 4489] [22.0] [cxt 0] Pipeline 'ingress': start
[19:18:41.517] [bmv2] [T] [thread 4489] [22.0] [cxt 0] source_routing.p4(133) Condition "hdr.srcRoutes[0].isValid()" (node_2) is false
[19:18:41.517] [bmv2] [T] [thread 4489] [22.0] [cxt 0] Applying table 'tbl_drop'
[19:18:41.517] [bmv2] [D] [thread 4489] [22.0] [cxt 0] Looking up key:

[19:18:41.517] [bmv2] [D] [thread 4489] [22.0] [cxt 0] Table 'tbl_drop': miss
[19:18:41.517] [bmv2] [D] [thread 4489] [22.0] [cxt 0] Action entry is MyIngress.drop - 
[19:18:41.517] [bmv2] [T] [thread 4489] [22.0] [cxt 0] Action MyIngress.drop
[19:18:41.517] [bmv2] [T] [thread 4489] [22.0] [cxt 0] source_routing.p4(113) Primitive mark_to_drop()
[19:18:41.517] [bmv2] [D] [thread 4489] [22.0] [cxt 0] Pipeline 'ingress': end
[19:18:41.517] [bmv2] [D] [thread 4489] [22.0] [cxt 0] Egress port is 511
[19:18:41.517] [bmv2] [D] [thread 4489] [22.0] [cxt 0] Dropping packet at the end of ingress
[19:18:42.540] [bmv2] [D] [thread 4489] [23.0] [cxt 0] Processing packet received on port 3
[19:18:42.540] [bmv2] [D] [thread 4489] [23.0] [cxt 0] Parser 'parser': start
[19:18:42.540] [bmv2] [D] [thread 4489] [23.0] [cxt 0] Parser 'parser' entering state 'start'
[19:18:42.540] [bmv2] [D] [thread 4489] [23.0] [cxt 0] Extracting header 'ethernet'
[19:18:42.540] [bmv2] [D] [thread 4489] [23.0] [cxt 0] Parser state 'start' has no switch, going to default next state
[19:18:42.540] [bmv2] [T] [thread 4489] [23.0] [cxt 0] Bytes parsed: 14
[19:18:42.540] [bmv2] [D] [thread 4489] [23.0] [cxt 0] Parser 'parser': end
[19:18:42.540] [bmv2] [D] [thread 4489] [23.0] [cxt 0] Pipeline 'ingress': start
[19:18:42.540] [bmv2] [T] [thread 4489] [23.0] [cxt 0] source_routing.p4(133) Condition "hdr.srcRoutes[0].isValid()" (node_2) is false
[19:18:42.540] [bmv2] [T] [thread 4489] [23.0] [cxt 0] Applying table 'tbl_drop'
[19:18:42.540] [bmv2] [D] [thread 4489] [23.0] [cxt 0] Looking up key:

[19:18:42.540] [bmv2] [D] [thread 4489] [23.0] [cxt 0] Table 'tbl_drop': miss
[19:18:42.540] [bmv2] [D] [thread 4489] [23.0] [cxt 0] Action entry is MyIngress.drop - 
[19:18:42.540] [bmv2] [T] [thread 4489] [23.0] [cxt 0] Action MyIngress.drop
[19:18:42.540] [bmv2] [T] [thread 4489] [23.0] [cxt 0] source_routing.p4(113) Primitive mark_to_drop()
[19:18:42.540] [bmv2] [D] [thread 4489] [23.0] [cxt 0] Pipeline 'ingress': end
[19:18:42.540] [bmv2] [D] [thread 4489] [23.0] [cxt 0] Egress port is 511
[19:18:42.540] [bmv2] [D] [thread 4489] [23.0] [cxt 0] Dropping packet at the end of ingress
[19:18:42.655] [bmv2] [D] [thread 4489] [24.0] [cxt 0] Processing packet received on port 3
[19:18:42.655] [bmv2] [D] [thread 4489] [24.0] [cxt 0] Parser 'parser': start
[19:18:42.655] [bmv2] [D] [thread 4489] [24.0] [cxt 0] Parser 'parser' entering state 'start'
[19:18:42.655] [bmv2] [D] [thread 4489] [24.0] [cxt 0] Extracting header 'ethernet'
[19:18:42.655] [bmv2] [D] [thread 4489] [24.0] [cxt 0] Parser state 'start' has no switch, going to default next state
[19:18:42.655] [bmv2] [T] [thread 4489] [24.0] [cxt 0] Bytes parsed: 14
[19:18:42.655] [bmv2] [D] [thread 4489] [24.0] [cxt 0] Parser 'parser': end
[19:18:42.655] [bmv2] [D] [thread 4489] [24.0] [cxt 0] Pipeline 'ingress': start
[19:18:42.655] [bmv2] [T] [thread 4489] [24.0] [cxt 0] source_routing.p4(133) Condition "hdr.srcRoutes[0].isValid()" (node_2) is false
[19:18:42.655] [bmv2] [T] [thread 4489] [24.0] [cxt 0] Applying table 'tbl_drop'
[19:18:42.655] [bmv2] [D] [thread 4489] [24.0] [cxt 0] Looking up key:

[19:18:42.655] [bmv2] [D] [thread 4489] [24.0] [cxt 0] Table 'tbl_drop': miss
[19:18:42.655] [bmv2] [D] [thread 4489] [24.0] [cxt 0] Action entry is MyIngress.drop - 
[19:18:42.655] [bmv2] [T] [thread 4489] [24.0] [cxt 0] Action MyIngress.drop
[19:18:42.655] [bmv2] [T] [thread 4489] [24.0] [cxt 0] source_routing.p4(113) Primitive mark_to_drop()
[19:18:42.655] [bmv2] [D] [thread 4489] [24.0] [cxt 0] Pipeline 'ingress': end
[19:18:42.655] [bmv2] [D] [thread 4489] [24.0] [cxt 0] Egress port is 511
[19:18:42.655] [bmv2] [D] [thread 4489] [24.0] [cxt 0] Dropping packet at the end of ingress
[19:18:42.724] [bmv2] [D] [thread 4489] [25.0] [cxt 0] Processing packet received on port 2
[19:18:42.724] [bmv2] [D] [thread 4489] [25.0] [cxt 0] Parser 'parser': start
[19:18:42.724] [bmv2] [D] [thread 4489] [25.0] [cxt 0] Parser 'parser' entering state 'start'
[19:18:42.724] [bmv2] [D] [thread 4489] [25.0] [cxt 0] Extracting header 'ethernet'
[19:18:42.724] [bmv2] [D] [thread 4489] [25.0] [cxt 0] Parser state 'start' has no switch, going to default next state
[19:18:42.724] [bmv2] [T] [thread 4489] [25.0] [cxt 0] Bytes parsed: 14
[19:18:42.724] [bmv2] [D] [thread 4489] [25.0] [cxt 0] Parser 'parser': end
[19:18:42.724] [bmv2] [D] [thread 4489] [25.0] [cxt 0] Pipeline 'ingress': start
[19:18:42.724] [bmv2] [T] [thread 4489] [25.0] [cxt 0] source_routing.p4(133) Condition "hdr.srcRoutes[0].isValid()" (node_2) is false
[19:18:42.724] [bmv2] [T] [thread 4489] [25.0] [cxt 0] Applying table 'tbl_drop'
[19:18:42.724] [bmv2] [D] [thread 4489] [25.0] [cxt 0] Looking up key:

[19:18:42.724] [bmv2] [D] [thread 4489] [25.0] [cxt 0] Table 'tbl_drop': miss
[19:18:42.724] [bmv2] [D] [thread 4489] [25.0] [cxt 0] Action entry is MyIngress.drop - 
[19:18:42.724] [bmv2] [T] [thread 4489] [25.0] [cxt 0] Action MyIngress.drop
[19:18:42.724] [bmv2] [T] [thread 4489] [25.0] [cxt 0] source_routing.p4(113) Primitive mark_to_drop()
[19:18:42.724] [bmv2] [D] [thread 4489] [25.0] [cxt 0] Pipeline 'ingress': end
[19:18:42.724] [bmv2] [D] [thread 4489] [25.0] [cxt 0] Egress port is 511
[19:18:42.724] [bmv2] [D] [thread 4489] [25.0] [cxt 0] Dropping packet at the end of ingress
[19:18:42.756] [bmv2] [D] [thread 4489] [26.0] [cxt 0] Processing packet received on port 3
[19:18:42.756] [bmv2] [D] [thread 4489] [26.0] [cxt 0] Parser 'parser': start
[19:18:42.756] [bmv2] [D] [thread 4489] [26.0] [cxt 0] Parser 'parser' entering state 'start'
[19:18:42.756] [bmv2] [D] [thread 4489] [26.0] [cxt 0] Extracting header 'ethernet'
[19:18:42.756] [bmv2] [D] [thread 4489] [26.0] [cxt 0] Parser state 'start' has no switch, going to default next state
[19:18:42.756] [bmv2] [T] [thread 4489] [26.0] [cxt 0] Bytes parsed: 14
[19:18:42.756] [bmv2] [D] [thread 4489] [26.0] [cxt 0] Parser 'parser': end
[19:18:42.756] [bmv2] [D] [thread 4489] [26.0] [cxt 0] Pipeline 'ingress': start
[19:18:42.756] [bmv2] [T] [thread 4489] [26.0] [cxt 0] source_routing.p4(133) Condition "hdr.srcRoutes[0].isValid()" (node_2) is false
[19:18:42.756] [bmv2] [T] [thread 4489] [26.0] [cxt 0] Applying table 'tbl_drop'
[19:18:42.756] [bmv2] [D] [thread 4489] [26.0] [cxt 0] Looking up key:

[19:18:42.756] [bmv2] [D] [thread 4489] [26.0] [cxt 0] Table 'tbl_drop': miss
[19:18:42.757] [bmv2] [D] [thread 4489] [26.0] [cxt 0] Action entry is MyIngress.drop - 
[19:18:42.757] [bmv2] [T] [thread 4489] [26.0] [cxt 0] Action MyIngress.drop
[19:18:42.757] [bmv2] [T] [thread 4489] [26.0] [cxt 0] source_routing.p4(113) Primitive mark_to_drop()
[19:18:42.757] [bmv2] [D] [thread 4489] [26.0] [cxt 0] Pipeline 'ingress': end
[19:18:42.757] [bmv2] [D] [thread 4489] [26.0] [cxt 0] Egress port is 511
[19:18:42.757] [bmv2] [D] [thread 4489] [26.0] [cxt 0] Dropping packet at the end of ingress
[19:18:42.796] [bmv2] [D] [thread 4489] [27.0] [cxt 0] Processing packet received on port 2
[19:18:42.796] [bmv2] [D] [thread 4489] [27.0] [cxt 0] Parser 'parser': start
[19:18:42.796] [bmv2] [D] [thread 4489] [27.0] [cxt 0] Parser 'parser' entering state 'start'
[19:18:42.796] [bmv2] [D] [thread 4489] [27.0] [cxt 0] Extracting header 'ethernet'
[19:18:42.796] [bmv2] [D] [thread 4489] [27.0] [cxt 0] Parser state 'start' has no switch, going to default next state
[19:18:42.796] [bmv2] [T] [thread 4489] [27.0] [cxt 0] Bytes parsed: 14
[19:18:42.796] [bmv2] [D] [thread 4489] [27.0] [cxt 0] Parser 'parser': end
[19:18:42.796] [bmv2] [D] [thread 4489] [27.0] [cxt 0] Pipeline 'ingress': start
[19:18:42.796] [bmv2] [T] [thread 4489] [27.0] [cxt 0] source_routing.p4(133) Condition "hdr.srcRoutes[0].isValid()" (node_2) is false
[19:18:42.796] [bmv2] [T] [thread 4489] [27.0] [cxt 0] Applying table 'tbl_drop'
[19:18:42.796] [bmv2] [D] [thread 4489] [27.0] [cxt 0] Looking up key:

[19:18:42.796] [bmv2] [D] [thread 4489] [27.0] [cxt 0] Table 'tbl_drop': miss
[19:18:42.796] [bmv2] [D] [thread 4489] [27.0] [cxt 0] Action entry is MyIngress.drop - 
[19:18:42.796] [bmv2] [T] [thread 4489] [27.0] [cxt 0] Action MyIngress.drop
[19:18:42.796] [bmv2] [T] [thread 4489] [27.0] [cxt 0] source_routing.p4(113) Primitive mark_to_drop()
[19:18:42.796] [bmv2] [D] [thread 4489] [27.0] [cxt 0] Pipeline 'ingress': end
[19:18:42.796] [bmv2] [D] [thread 4489] [27.0] [cxt 0] Egress port is 511
[19:18:42.796] [bmv2] [D] [thread 4489] [27.0] [cxt 0] Dropping packet at the end of ingress
[19:18:42.796] [bmv2] [D] [thread 4489] [28.0] [cxt 0] Processing packet received on port 3
[19:18:42.796] [bmv2] [D] [thread 4489] [28.0] [cxt 0] Parser 'parser': start
[19:18:42.796] [bmv2] [D] [thread 4489] [28.0] [cxt 0] Parser 'parser' entering state 'start'
[19:18:42.796] [bmv2] [D] [thread 4489] [28.0] [cxt 0] Extracting header 'ethernet'
[19:18:42.796] [bmv2] [D] [thread 4489] [28.0] [cxt 0] Parser state 'start' has no switch, going to default next state
[19:18:42.796] [bmv2] [T] [thread 4489] [28.0] [cxt 0] Bytes parsed: 14
[19:18:42.796] [bmv2] [D] [thread 4489] [28.0] [cxt 0] Parser 'parser': end
[19:18:42.796] [bmv2] [D] [thread 4489] [28.0] [cxt 0] Pipeline 'ingress': start
[19:18:42.796] [bmv2] [T] [thread 4489] [28.0] [cxt 0] source_routing.p4(133) Condition "hdr.srcRoutes[0].isValid()" (node_2) is false
[19:18:42.796] [bmv2] [T] [thread 4489] [28.0] [cxt 0] Applying table 'tbl_drop'
[19:18:42.797] [bmv2] [D] [thread 4489] [28.0] [cxt 0] Looking up key:

[19:18:42.797] [bmv2] [D] [thread 4489] [28.0] [cxt 0] Table 'tbl_drop': miss
[19:18:42.797] [bmv2] [D] [thread 4489] [28.0] [cxt 0] Action entry is MyIngress.drop - 
[19:18:42.797] [bmv2] [T] [thread 4489] [28.0] [cxt 0] Action MyIngress.drop
[19:18:42.797] [bmv2] [T] [thread 4489] [28.0] [cxt 0] source_routing.p4(113) Primitive mark_to_drop()
[19:18:42.797] [bmv2] [D] [thread 4489] [28.0] [cxt 0] Pipeline 'ingress': end
[19:18:42.797] [bmv2] [D] [thread 4489] [28.0] [cxt 0] Egress port is 511
[19:18:42.797] [bmv2] [D] [thread 4489] [28.0] [cxt 0] Dropping packet at the end of ingress
[19:18:42.797] [bmv2] [D] [thread 4489] [29.0] [cxt 0] Processing packet received on port 2
[19:18:42.797] [bmv2] [D] [thread 4489] [29.0] [cxt 0] Parser 'parser': start
[19:18:42.797] [bmv2] [D] [thread 4489] [29.0] [cxt 0] Parser 'parser' entering state 'start'
[19:18:42.797] [bmv2] [D] [thread 4489] [29.0] [cxt 0] Extracting header 'ethernet'
[19:18:42.797] [bmv2] [D] [thread 4489] [29.0] [cxt 0] Parser state 'start' has no switch, going to default next state
[19:18:42.797] [bmv2] [T] [thread 4489] [29.0] [cxt 0] Bytes parsed: 14
[19:18:42.797] [bmv2] [D] [thread 4489] [29.0] [cxt 0] Parser 'parser': end
[19:18:42.797] [bmv2] [D] [thread 4489] [29.0] [cxt 0] Pipeline 'ingress': start
[19:18:42.797] [bmv2] [T] [thread 4489] [29.0] [cxt 0] source_routing.p4(133) Condition "hdr.srcRoutes[0].isValid()" (node_2) is false
[19:18:42.797] [bmv2] [T] [thread 4489] [29.0] [cxt 0] Applying table 'tbl_drop'
[19:18:42.797] [bmv2] [D] [thread 4489] [29.0] [cxt 0] Looking up key:

[19:18:42.797] [bmv2] [D] [thread 4489] [29.0] [cxt 0] Table 'tbl_drop': miss
[19:18:42.797] [bmv2] [D] [thread 4489] [29.0] [cxt 0] Action entry is MyIngress.drop - 
[19:18:42.797] [bmv2] [T] [thread 4489] [29.0] [cxt 0] Action MyIngress.drop
[19:18:42.797] [bmv2] [T] [thread 4489] [29.0] [cxt 0] source_routing.p4(113) Primitive mark_to_drop()
[19:18:42.797] [bmv2] [D] [thread 4489] [29.0] [cxt 0] Pipeline 'ingress': end
[19:18:42.797] [bmv2] [D] [thread 4489] [29.0] [cxt 0] Egress port is 511
[19:18:42.797] [bmv2] [D] [thread 4489] [29.0] [cxt 0] Dropping packet at the end of ingress
[19:18:42.919] [bmv2] [D] [thread 4489] [30.0] [cxt 0] Processing packet received on port 2
[19:18:42.919] [bmv2] [D] [thread 4489] [30.0] [cxt 0] Parser 'parser': start
[19:18:42.919] [bmv2] [D] [thread 4489] [30.0] [cxt 0] Parser 'parser' entering state 'start'
[19:18:42.919] [bmv2] [D] [thread 4489] [30.0] [cxt 0] Extracting header 'ethernet'
[19:18:42.919] [bmv2] [D] [thread 4489] [30.0] [cxt 0] Parser state 'start' has no switch, going to default next state
[19:18:42.919] [bmv2] [T] [thread 4489] [30.0] [cxt 0] Bytes parsed: 14
[19:18:42.919] [bmv2] [D] [thread 4489] [30.0] [cxt 0] Parser 'parser': end
[19:18:42.919] [bmv2] [D] [thread 4489] [30.0] [cxt 0] Pipeline 'ingress': start
[19:18:42.919] [bmv2] [T] [thread 4489] [30.0] [cxt 0] source_routing.p4(133) Condition "hdr.srcRoutes[0].isValid()" (node_2) is false
[19:18:42.919] [bmv2] [T] [thread 4489] [30.0] [cxt 0] Applying table 'tbl_drop'
[19:18:42.919] [bmv2] [D] [thread 4489] [30.0] [cxt 0] Looking up key:

[19:18:42.919] [bmv2] [D] [thread 4489] [30.0] [cxt 0] Table 'tbl_drop': miss
[19:18:42.919] [bmv2] [D] [thread 4489] [30.0] [cxt 0] Action entry is MyIngress.drop - 
[19:18:42.920] [bmv2] [T] [thread 4489] [30.0] [cxt 0] Action MyIngress.drop
[19:18:42.920] [bmv2] [T] [thread 4489] [30.0] [cxt 0] source_routing.p4(113) Primitive mark_to_drop()
[19:18:42.920] [bmv2] [D] [thread 4489] [30.0] [cxt 0] Pipeline 'ingress': end
[19:18:42.920] [bmv2] [D] [thread 4489] [30.0] [cxt 0] Egress port is 511
[19:18:42.920] [bmv2] [D] [thread 4489] [30.0] [cxt 0] Dropping packet at the end of ingress
open: No such file or directory
open: No such file or directory
open: No such file or directory
open: No such file or directory
